0 info it worked if it ends with ok
1 verbose cli [ '/usr/local/bin/node',
1 verbose cli   '/usr/local/bin/npm',
1 verbose cli   'install',
1 verbose cli   '-g',
1 verbose cli   'ios-sim' ]
2 info using npm@2.5.1
3 info using node@v0.12.1
4 silly cache add args [ 'ios-sim', null ]
5 verbose cache add spec ios-sim
6 silly cache add parsed spec { raw: 'ios-sim',
6 silly cache add   scope: null,
6 silly cache add   name: 'ios-sim',
6 silly cache add   rawSpec: '',
6 silly cache add   spec: '*',
6 silly cache add   type: 'range' }
7 verbose addNamed ios-sim@*
8 silly addNamed semver.valid null
9 silly addNamed semver.validRange *
10 silly addNameRange { name: 'ios-sim', range: '*', hasData: false }
11 silly mapToRegistry name ios-sim
12 silly mapToRegistry using default registry
13 silly mapToRegistry registry https://registry.npmjs.org/
14 silly mapToRegistry uri https://registry.npmjs.org/ios-sim
15 verbose addNameRange registry:https://registry.npmjs.org/ios-sim not in flight; fetching
16 verbose request uri https://registry.npmjs.org/ios-sim
17 verbose request no auth needed
18 info attempt registry request try #1 at 10:04:43
19 verbose request id 4ad4bac7a2708a9e
20 http request GET https://registry.npmjs.org/ios-sim
21 http 200 https://registry.npmjs.org/ios-sim
22 silly get cb [ 200,
22 silly get   { server: 'CouchDB/1.5.0 (Erlang OTP/R16B03)',
22 silly get     etag: '"O3LTG4EVQMGP965J1O2NE8YU"',
22 silly get     'content-type': 'application/json',
22 silly get     'cache-control': 'max-age=60',
22 silly get     'content-length': '20161',
22 silly get     'accept-ranges': 'bytes',
22 silly get     date: 'Wed, 16 Sep 2015 13:05:27 GMT',
22 silly get     via: '1.1 varnish',
22 silly get     age: '0',
22 silly get     connection: 'keep-alive',
22 silly get     'x-served-by': 'cache-jfk1022-JFK',
22 silly get     'x-cache': 'HIT',
22 silly get     'x-cache-hits': '1',
22 silly get     'x-timer': 'S1442408727.533824,VS0,VE85',
22 silly get     vary: 'Accept' } ]
23 verbose get saving ios-sim to /root/.npm/registry.npmjs.org/ios-sim/.cache.json
24 silly addNameRange number 2 { name: 'ios-sim', range: '*', hasData: true }
25 silly addNameRange versions [ 'ios-sim',
25 silly addNameRange   [ '1.8.0',
25 silly addNameRange     '1.8.1',
25 silly addNameRange     '1.8.2',
25 silly addNameRange     '1.9.0',
25 silly addNameRange     '2.0.0',
25 silly addNameRange     '2.0.1',
25 silly addNameRange     '3.0.0',
25 silly addNameRange     '3.1.0',
25 silly addNameRange     '3.1.1',
25 silly addNameRange     '4.1.0',
25 silly addNameRange     '4.1.1',
25 silly addNameRange     '3.2.0',
25 silly addNameRange     '5.0.0',
25 silly addNameRange     '5.0.1' ] ]
26 verbose addNamed ios-sim@5.0.1
27 silly addNamed semver.valid 5.0.1
28 silly addNamed semver.validRange 5.0.1
29 silly mapToRegistry name ios-sim
30 silly mapToRegistry using default registry
31 silly mapToRegistry registry https://registry.npmjs.org/
32 silly mapToRegistry uri https://registry.npmjs.org/ios-sim
33 verbose addRemoteTarball https://registry.npmjs.org/ios-sim/-/ios-sim-5.0.1.tgz not in flight; adding
34 verbose addRemoteTarball [ 'https://registry.npmjs.org/ios-sim/-/ios-sim-5.0.1.tgz',
34 verbose addRemoteTarball   '3ff63a7254334f6129fbf7112511774cfd0dd992' ]
35 info retry fetch attempt 1 at 10:04:44
36 info attempt registry request try #1 at 10:04:44
37 http fetch GET https://registry.npmjs.org/ios-sim/-/ios-sim-5.0.1.tgz
38 http fetch 200 https://registry.npmjs.org/ios-sim/-/ios-sim-5.0.1.tgz
39 silly fetchAndShaCheck shasum 3ff63a7254334f6129fbf7112511774cfd0dd992
40 verbose addTmpTarball /tmp/npm-17289-27d1118c/registry.npmjs.org/ios-sim/-/ios-sim-5.0.1.tgz not in flight; adding
41 verbose addTmpTarball already have metadata; skipping unpack for ios-sim@5.0.1
42 silly cache afterAdd ios-sim@5.0.1
43 verbose afterAdd /root/.npm/ios-sim/5.0.1/package/package.json not in flight; writing
44 verbose afterAdd /root/.npm/ios-sim/5.0.1/package/package.json written
45 silly install resolved [ { name: 'ios-sim',
45 silly install resolved     version: '5.0.1',
45 silly install resolved     os: [ 'darwin' ],
45 silly install resolved     preferGlobal: 'true',
45 silly install resolved     description: 'launch iOS apps into the iOS Simulator from the command line (Xcode 6.0+)',
45 silly install resolved     main: 'ios-sim.js',
45 silly install resolved     repository:
45 silly install resolved      { type: 'git',
45 silly install resolved        url: 'git+https://github.com/phonegap/ios-sim.git' },
45 silly install resolved     engines: { node: '>=0.10.0' },
45 silly install resolved     keywords: [ 'ios-sim', 'iOS Simulator' ],
45 silly install resolved     bin: { 'ios-sim': './bin/ios-sim' },
45 silly install resolved     bugs: { url: 'https://github.com/phonegap/ios-sim/issues' },
45 silly install resolved     author: { name: 'Shazron Abdullah' },
45 silly install resolved     license: 'MIT',
45 silly install resolved     dependencies: { simctl: '^0.0.6', nopt: '1.0.9', 'bplist-parser': '^0.0.6' },
45 silly install resolved     gitHead: '9ed4bccd90e26cdea455364e102b84d1ffe8a4df',
45 silly install resolved     homepage: 'https://github.com/phonegap/ios-sim#readme',
45 silly install resolved     _id: 'ios-sim@5.0.1',
45 silly install resolved     scripts: {},
45 silly install resolved     _shasum: '3ff63a7254334f6129fbf7112511774cfd0dd992',
45 silly install resolved     _from: 'ios-sim@*',
45 silly install resolved     _npmVersion: '2.11.2',
45 silly install resolved     _nodeVersion: '0.12.6',
45 silly install resolved     _npmUser: { name: 'macdonst', email: 'simon.macdonald@gmail.com' },
45 silly install resolved     dist:
45 silly install resolved      { shasum: '3ff63a7254334f6129fbf7112511774cfd0dd992',
45 silly install resolved        tarball: 'http://registry.npmjs.org/ios-sim/-/ios-sim-5.0.1.tgz' },
45 silly install resolved     maintainers: [ [Object], [Object], [Object], [Object] ],
45 silly install resolved     directories: {},
45 silly install resolved     _resolved: 'https://registry.npmjs.org/ios-sim/-/ios-sim-5.0.1.tgz' } ]
46 info install ios-sim@5.0.1 into /usr/local/lib
47 info installOne ios-sim@5.0.1
48 verbose installOne of ios-sim to /usr/local/lib not in flight; installing
49 verbose lock using /root/.npm/_locks/ios-sim-3bb56db538048d2f.lock for /usr/local/lib/node_modules/ios-sim
50 verbose unlock done using /root/.npm/_locks/ios-sim-3bb56db538048d2f.lock for /usr/local/lib/node_modules/ios-sim
51 verbose stack Error: Unsupported
51 verbose stack     at checkPlatform (/usr/local/lib/node_modules/npm/node_modules/npm-install-checks/index.js:47:14)
51 verbose stack     at Array.<anonymous> (/usr/local/lib/node_modules/npm/node_modules/slide/lib/bind-actor.js:15:8)
51 verbose stack     at LOOP (/usr/local/lib/node_modules/npm/node_modules/slide/lib/chain.js:15:14)
51 verbose stack     at /usr/local/lib/node_modules/npm/node_modules/slide/lib/chain.js:18:7
51 verbose stack     at checkEngine (/usr/local/lib/node_modules/npm/node_modules/npm-install-checks/index.js:26:10)
51 verbose stack     at Array.<anonymous> (/usr/local/lib/node_modules/npm/node_modules/slide/lib/bind-actor.js:15:8)
51 verbose stack     at LOOP (/usr/local/lib/node_modules/npm/node_modules/slide/lib/chain.js:15:14)
51 verbose stack     at chain (/usr/local/lib/node_modules/npm/node_modules/slide/lib/chain.js:20:5)
51 verbose stack     at /usr/local/lib/node_modules/npm/lib/install.js:949:5
51 verbose stack     at /usr/local/lib/node_modules/npm/lib/utils/locker.js:40:9
52 verbose pkgid ios-sim@5.0.1
53 verbose cwd /usr/local/tomcat7/webapps/DrApp
54 error Linux 3.2.0-4-amd64
55 error argv "/usr/local/bin/node" "/usr/local/bin/npm" "install" "-g" "ios-sim"
56 error node v0.12.1
57 error npm  v2.5.1
58 error code EBADPLATFORM
59 error notsup Unsupported
59 error notsup Not compatible with your operating system or architecture: ios-sim@5.0.1
59 error notsup Valid OS:    darwin
59 error notsup Valid Arch:  any
59 error notsup Actual OS:   linux
59 error notsup Actual Arch: x64
60 verbose exit [ 1, true ]
